[2023-07-20T09:39:55.684] [INFO] main - Initializing global hotkey service
[2023-07-20T09:39:56.925] [INFO] renderer - Initializing/Loading app data
[2023-07-20T09:39:56.925] [INFO] renderer - Initializing/Loading app data
[2023-07-20T09:39:56.933] [INFO] main - Retrieving app version, current app version is 3.0.1
[2023-07-20T09:39:56.933] [INFO] main - Retrieving app version, current app version is 3.0.1
[2023-07-20T09:39:56.935] [INFO] renderer - APP_CONFIG [object Object]
[2023-07-20T09:39:56.936] [INFO] renderer - Run in browser
[2023-07-20T09:39:56.936] [INFO] renderer - APP_CONFIG [object Object]
[2023-07-20T09:39:56.936] [INFO] renderer - Run in browser
[2023-07-20T09:39:57.044] [INFO] renderer - No profile found, creating default profile
[2023-07-20T09:39:57.045] [INFO] renderer - No profile found, creating default profile
[2023-07-20T09:39:57.059] [INFO] renderer - App data loaded
[2023-07-20T09:39:57.062] [INFO] renderer - App data loaded
[2023-07-20T09:40:01.771] [DEBUG] main - onKeyEvent - MOUSE_DOWN Left

[2023-07-20T09:40:02.735] [DEBUG] main - onKeyEvent - MOUSE_UP Left

[2023-07-20T09:40:04.162] [DEBUG] main - onKeyEvent - MOUSE_DOWN Left

[2023-07-20T09:40:04.681] [DEBUG] main - onKeyEvent - MOUSE_UP Left

[2023-07-20T09:40:05.397] [DEBUG] main - onKeyEvent - MOUSE_DOWN Left

[2023-07-20T09:40:05.543] [DEBUG] main - onKeyEvent - MOUSE_UP Left

[2023-07-20T09:40:05.653] [DEBUG] main - onKeyEvent - MOUSE_DOWN Right

[2023-07-20T09:40:05.934] [DEBUG] main - onKeyEvent - MOUSE_UP Right

[2023-07-20T09:40:06.423] [DEBUG] main - onKeyEvent - MOUSE_DOWN Middle

[2023-07-20T09:40:06.690] [DEBUG] main - onKeyEvent - MOUSE_UP Middle

[2023-07-20T09:40:06.961] [DEBUG] main - onKeyEvent - MOUSE_DOWN Middle

[2023-07-20T09:40:07.149] [DEBUG] main - onKeyEvent - MOUSE_UP Middle

[2023-07-20T09:40:08.517] [DEBUG] main - onKeyEvent - KEY_DOWN None+A

[2023-07-20T09:40:08.538] [DEBUG] main - onKeyEvent - KEY_UP A

[2023-07-20T09:40:08.884] [DEBUG] main - onKeyEvent - KEY_DOWN None+S

[2023-07-20T09:40:09.103] [DEBUG] main - onKeyEvent - KEY_UP S

[2023-07-20T09:40:09.330] [DEBUG] main - onKeyEvent - KEY_DOWN None+D

[2023-07-20T09:40:09.494] [DEBUG] main - onKeyEvent - KEY_UP D

[2023-07-20T09:40:09.777] [DEBUG] main - onKeyEvent - KEY_DOWN None+A

[2023-07-20T09:40:09.928] [DEBUG] main - onKeyEvent - KEY_UP A

[2023-07-20T09:40:10.218] [DEBUG] main - onKeyEvent - KEY_DOWN None+Z

[2023-07-20T09:40:10.374] [DEBUG] main - onKeyEvent - KEY_DOWN None+X

[2023-07-20T09:40:10.390] [DEBUG] main - onKeyEvent - KEY_UP Z

[2023-07-20T09:40:10.566] [DEBUG] main - onKeyEvent - KEY_DOWN None+C

[2023-07-20T09:40:10.630] [DEBUG] main - onKeyEvent - KEY_UP X

[2023-07-20T09:40:10.738] [DEBUG] main - onKeyEvent - KEY_UP C

[2023-07-20T09:40:10.867] [DEBUG] main - onKeyEvent - KEY_DOWN None+A

[2023-07-20T09:40:11.012] [DEBUG] main - onKeyEvent - KEY_DOWN None+S

[2023-07-20T09:40:11.093] [DEBUG] main - onKeyEvent - KEY_UP A

[2023-07-20T09:40:11.138] [DEBUG] main - onKeyEvent - KEY_DOWN None+D

[2023-07-20T09:40:11.168] [DEBUG] main - onKeyEvent - KEY_UP S

[2023-07-20T09:40:11.290] [DEBUG] main - onKeyEvent - KEY_UP D

[2023-07-20T09:40:11.312] [DEBUG] main - onKeyEvent - KEY_DOWN None+Q

[2023-07-20T09:40:11.451] [DEBUG] main - onKeyEvent - KEY_DOWN None+W

[2023-07-20T09:40:11.534] [DEBUG] main - onKeyEvent - KEY_UP Q

[2023-07-20T09:40:11.541] [DEBUG] main - onKeyEvent - KEY_DOWN None+E

[2023-07-20T09:40:11.641] [DEBUG] main - onKeyEvent - KEY_UP W

[2023-07-20T09:40:11.720] [DEBUG] main - onKeyEvent - KEY_UP E

[2023-07-20T09:40:12.271] [DEBUG] main - onKeyEvent - KEY_DOWN None+LShiftKey

[2023-07-20T09:40:12.474] [DEBUG] main - onKeyEvent - KEY_DOWN Shift+D

[2023-07-20T09:40:12.717] [DEBUG] main - onKeyEvent - KEY_UP D

[2023-07-20T09:40:12.837] [DEBUG] main - onKeyEvent - KEY_UP LShiftKey

[2023-07-20T09:40:13.250] [DEBUG] main - onKeyEvent - KEY_DOWN None+LShiftKey

[2023-07-20T09:40:13.544] [DEBUG] main - onKeyEvent - KEY_UP LShiftKey

[2023-07-20T09:40:13.779] [DEBUG] main - onKeyEvent - KEY_DOWN None+LControlKey

[2023-07-20T09:40:14.047] [DEBUG] main - onKeyEvent - KEY_DOWN Control+LShiftKey

[2023-07-20T09:40:14.375] [DEBUG] main - onKeyEvent - KEY_DOWN Shift+Control+LMenu

[2023-07-20T09:40:14.737] [DEBUG] main - onKeyEvent - KEY_UP LMenu

[2023-07-20T09:40:14.950] [DEBUG] main - onKeyEvent - KEY_UP LShiftKey

[2023-07-20T09:40:14.970] [DEBUG] main - onKeyEvent - KEY_UP LControlKey

[2023-07-20T09:40:18.989] [DEBUG] main - onKeyEvent - KEY_DOWN None+NumPad7

[2023-07-20T09:40:19.099] [DEBUG] main - onKeyEvent - KEY_UP NumPad7

[2023-07-20T09:40:19.215] [DEBUG] main - onKeyEvent - KEY_DOWN None+NumPad7

[2023-07-20T09:40:19.289] [DEBUG] main - onKeyEvent - KEY_UP NumPad7

[2023-07-20T09:40:19.402] [DEBUG] main - onKeyEvent - KEY_DOWN None+NumPad7

[2023-07-20T09:40:19.449] [DEBUG] main - onKeyEvent - KEY_UP NumPad7

[2023-07-20T09:40:19.566] [DEBUG] main - onKeyEvent - KEY_DOWN None+NumPad7

[2023-07-20T09:40:19.620] [DEBUG] main - onKeyEvent - KEY_UP NumPad7

[2023-07-20T09:40:22.180] [DEBUG] main - onKeyEvent - MOUSE_DOWN Left

[2023-07-20T09:40:22.288] [DEBUG] main - onKeyEvent - MOUSE_UP Left

[2023-07-20T09:40:25.343] [DEBUG] main - onKeyEvent - MOUSE_DOWN Left

[2023-07-20T09:40:25.452] [DEBUG] main - onKeyEvent - MOUSE_UP Left

[2023-07-20T09:40:25.454] [INFO] main - Toggling Global Hotkey Service. Turning it off
[2023-07-20T09:40:25.460] [DEBUG] main - Global hotkey service exited.
[2023-07-20T09:40:25.461] [INFO] renderer - Global hotkey service exited as notified by the main process
[2023-07-20T09:40:27.676] [INFO] main - Toggling Global Hotkey Service. Turning it on
[2023-07-20T09:40:31.491] [INFO] main - Toggling Global Hotkey Service. Turning it off
[2023-07-20T09:40:37.460] [INFO] main - Toggling Global Hotkey Service. Turning it on
[2023-07-20T09:40:47.508] [INFO] main - Toggling Global Hotkey Service. Turning it off
[2023-07-20T09:40:48.273] [INFO] main - Toggling Global Hotkey Service. Turning it on
[2023-07-20T09:40:49.148] [INFO] main - Toggling Global Hotkey Service. Turning it off
[2023-07-20T09:41:22.116] [INFO] main - Listening for valid hotkey once
[2023-07-20T09:41:22.948] [INFO] main - Listening for valid hotkey once
[2023-07-20T09:41:23.398] [INFO] main - Listening for valid hotkey once
[2023-07-20T09:41:24.371] [INFO] main - Hotkey None+W
 is pressed
[2023-07-20T09:41:24.372] [INFO] renderer - Updating hotkey to None+W

[2023-07-20T09:41:24.372] [INFO] renderer - Trying to change hotkey of pie menu 1 (name: Default Pie Menu) to None+W

[2023-07-20T09:41:24.373] [INFO] main - Listening for valid hotkey once
[2023-07-20T09:41:24.379] [INFO] renderer - Hotkey of pie menu 1 (name: Default Pie Menu) changed to None+W

[2023-07-20T09:41:25.432] [INFO] main - Listening for valid hotkey once
[2023-07-20T09:41:26.127] [INFO] main - Hotkey None+Delete
 is pressed
[2023-07-20T09:41:26.128] [INFO] renderer - Updating hotkey to 
[2023-07-20T09:41:26.128] [INFO] renderer - Trying to change hotkey of pie menu 1 (name: Default Pie Menu) to 
[2023-07-20T09:41:26.128] [INFO] main - Listening for valid hotkey once
[2023-07-20T09:41:26.136] [INFO] renderer - Hotkey of pie menu 1 (name: Default Pie Menu) changed to 
[2023-07-20T09:41:29.632] [DEBUG] renderer - Pie Menu Editor is opening pie menu of id: 1
[2023-07-20T09:41:29.641] [DEBUG] renderer - Finding pie items: []
[2023-07-20T09:41:29.641] [DEBUG] renderer - Found pie items: []
[2023-07-20T09:41:29.644] [DEBUG] renderer - Pie menu state: {"pieMenu":{"name":"Default Pie Menu","enabled":true,"activationMode":"hoverOverThenRelease","hotkey":"","escapeRadius":0,"openInScreenCenter":false,"selectionColor":"","pieItems":[],"id":1},"pieItems":{}}
[2023-07-20T09:41:47.474] [INFO] main - Retrieving setting runOnAppQuit, value is true
[2023-07-20T09:41:47.474] [INFO] main - Retrieving setting runOnStartup, value is true
[2023-07-20T09:41:47.475] [INFO] main - Retrieving setting pieMenuCancelKey, value is {"_type":"MOUSE_DOWN","_value":"Escape"}
[2023-07-20T09:41:47.477] [INFO] renderer - Retrieved runOnAppQuit from settings: true
[2023-07-20T09:41:47.477] [INFO] renderer - Retrieved runOnStartup from settings: true
[2023-07-20T09:41:47.478] [INFO] renderer - Retrieved pieMenuCancelKey from settings: {"_type":"MOUSE_DOWN","_value":"Escape"}
[2023-07-20T09:41:47.479] [INFO] renderer - The value is: undefined
[2023-07-20T09:42:54.409] [INFO] main - Hotkey None+F16
 is pressed
[2023-07-26T03:09:00.496] [INFO] main - Initializing global hotkey service
[2023-07-26T03:09:01.824] [INFO] renderer - Initializing/Loading app data
[2023-07-26T03:09:01.825] [INFO] renderer - Initializing/Loading app data
[2023-07-26T03:09:01.832] [INFO] main - Retrieving app version, current app version is 3.0.1
[2023-07-26T03:09:01.833] [INFO] main - Retrieving app version, current app version is 3.0.1
[2023-07-26T03:09:01.835] [INFO] renderer - APP_CONFIG [object Object]
[2023-07-26T03:09:01.836] [INFO] renderer - APP_CONFIG [object Object]
[2023-07-26T03:09:01.836] [INFO] renderer - Run in browser
[2023-07-26T03:09:01.836] [INFO] renderer - Run in browser
[2023-07-26T03:09:01.899] [INFO] renderer - App data loaded
[2023-07-26T03:09:01.900] [INFO] renderer - App data loaded
[2023-07-26T03:09:02.868] [DEBUG] main - onKeyEvent - MOUSE_DOWN Left

[2023-07-26T03:09:03.906] [DEBUG] main - onKeyEvent - MOUSE_UP Left

[2023-07-26T03:09:06.363] [DEBUG] main - onKeyEvent - MOUSE_DOWN Left

[2023-07-26T03:09:06.513] [DEBUG] main - onKeyEvent - MOUSE_UP Left

[2023-07-26T03:09:06.775] [DEBUG] main - onKeyEvent - MOUSE_DOWN Left

[2023-07-26T03:09:06.919] [DEBUG] main - onKeyEvent - MOUSE_UP Left

[2023-07-26T03:09:07.079] [DEBUG] main - onKeyEvent - MOUSE_DOWN Right

[2023-07-26T03:09:07.263] [DEBUG] main - onKeyEvent - MOUSE_UP Right

[2023-07-26T03:09:07.608] [DEBUG] main - onKeyEvent - MOUSE_DOWN Middle

[2023-07-26T03:09:07.758] [DEBUG] main - onKeyEvent - MOUSE_UP Middle

[2023-07-26T03:09:08.023] [DEBUG] main - onKeyEvent - MOUSE_DOWN Middle

[2023-07-26T03:09:08.144] [DEBUG] main - onKeyEvent - MOUSE_UP Middle

[2023-07-26T03:09:08.927] [DEBUG] main - onKeyEvent - KEY_DOWN None+Return

[2023-07-26T03:09:09.018] [DEBUG] main - onKeyEvent - KEY_UP Return

[2023-07-26T03:09:10.002] [DEBUG] main - onKeyEvent - KEY_DOWN None+Return

[2023-07-26T03:09:10.427] [DEBUG] main - onKeyEvent - KEY_UP Return

[2023-07-26T03:09:11.858] [DEBUG] main - onKeyEvent - KEY_DOWN None+Return

[2023-07-26T03:09:11.971] [DEBUG] main - onKeyEvent - KEY_UP Return

[2023-07-26T03:09:12.344] [DEBUG] main - onKeyEvent - KEY_DOWN None+Escape

[2023-07-26T03:09:12.517] [DEBUG] main - onKeyEvent - KEY_UP Escape

[2023-07-26T03:09:15.304] [DEBUG] main - onKeyEvent - KEY_DOWN None+X

[2023-07-26T03:09:15.380] [DEBUG] main - onKeyEvent - KEY_UP X

[2023-07-26T03:09:16.878] [DEBUG] main - onKeyEvent - KEY_DOWN None+X

[2023-07-26T03:09:17.232] [DEBUG] main - onKeyEvent - KEY_UP X

[2023-07-26T03:09:21.915] [DEBUG] main - onKeyEvent - MOUSE_DOWN Left

[2023-07-26T03:09:21.973] [DEBUG] main - onKeyEvent - MOUSE_UP Left

[2023-07-26T03:09:22.538] [DEBUG] main - onKeyEvent - MOUSE_DOWN Left

[2023-07-26T03:09:22.593] [DEBUG] main - onKeyEvent - MOUSE_UP Left

[2023-07-26T03:09:26.419] [DEBUG] main - onKeyEvent - MOUSE_DOWN Left

[2023-07-26T03:09:26.482] [DEBUG] main - onKeyEvent - MOUSE_UP Left

[2023-07-26T03:09:26.484] [INFO] main - Toggling Global Hotkey Service. Turning it off
[2023-07-26T03:09:26.488] [DEBUG] main - Global hotkey service exited.
[2023-07-26T03:09:26.489] [INFO] renderer - Global hotkey service exited as notified by the main process
[2023-07-26T03:35:41.731] [INFO] main - Initializing global hotkey service
[2023-07-26T03:35:42.405] [INFO] renderer - Initializing/Loading app data
[2023-07-26T03:35:42.405] [INFO] main - Retrieving app version, current app version is 3.0.1
[2023-07-26T03:35:42.406] [INFO] renderer - APP_CONFIG [object Object]
[2023-07-26T03:35:42.406] [INFO] renderer - Run in browser
[2023-07-26T03:35:42.409] [INFO] renderer - Initializing/Loading app data
[2023-07-26T03:35:42.409] [INFO] main - Retrieving app version, current app version is 3.0.1
[2023-07-26T03:35:42.411] [INFO] renderer - APP_CONFIG [object Object]
[2023-07-26T03:35:42.411] [INFO] renderer - Run in browser
[2023-07-26T03:35:44.888] [DEBUG] main - onKeyEvent - MOUSE_DOWN Left

[2023-07-26T03:35:45.713] [DEBUG] main - onKeyEvent - MOUSE_UP Left

[2023-07-26T03:35:48.611] [DEBUG] main - onKeyEvent - MOUSE_DOWN Left

[2023-07-26T03:35:48.872] [DEBUG] main - onKeyEvent - MOUSE_UP Left

[2023-07-26T03:35:53.265] [DEBUG] main - onKeyEvent - MOUSE_DOWN Left

[2023-07-26T03:35:53.356] [DEBUG] main - onKeyEvent - MOUSE_UP Left

[2023-07-26T03:35:53.993] [DEBUG] main - onKeyEvent - MOUSE_DOWN Left

[2023-07-26T03:35:54.084] [DEBUG] main - onKeyEvent - MOUSE_UP Left

[2023-07-26T03:35:55.978] [DEBUG] main - onKeyEvent - MOUSE_DOWN Left

[2023-07-26T03:35:56.076] [DEBUG] main - onKeyEvent - MOUSE_UP Left

[2023-07-26T03:36:39.676] [INFO] main - Initializing global hotkey service
[2023-07-26T03:36:40.358] [INFO] renderer - Initializing/Loading app data
[2023-07-26T03:36:40.359] [INFO] renderer - Initializing/Loading app data
[2023-07-26T03:36:40.359] [INFO] main - Retrieving app version, current app version is 3.0.1
[2023-07-26T03:36:40.359] [INFO] main - Retrieving app version, current app version is 3.0.1
[2023-07-26T03:36:40.360] [INFO] renderer - APP_CONFIG [object Object]
[2023-07-26T03:36:40.360] [INFO] renderer - Run in browser
[2023-07-26T03:36:40.361] [INFO] renderer - APP_CONFIG [object Object]
[2023-07-26T03:36:40.361] [INFO] renderer - Run in browser
[2023-07-26T03:36:42.359] [DEBUG] main - onKeyEvent - MOUSE_DOWN Left

[2023-07-26T03:36:43.270] [DEBUG] main - onKeyEvent - MOUSE_UP Left

[2023-07-26T03:36:48.217] [DEBUG] main - onKeyEvent - MOUSE_DOWN Left

[2023-07-26T03:36:48.315] [DEBUG] main - onKeyEvent - MOUSE_UP Left

[2023-07-26T03:37:39.822] [INFO] main - Initializing global hotkey service
[2023-07-26T03:37:40.501] [INFO] renderer - Initializing/Loading app data
[2023-07-26T03:37:40.502] [INFO] renderer - Initializing/Loading app data
[2023-07-26T03:37:40.502] [INFO] main - Retrieving app version, current app version is 3.0.1
[2023-07-26T03:37:40.502] [INFO] main - Retrieving app version, current app version is 3.0.1
[2023-07-26T03:37:40.504] [INFO] renderer - APP_CONFIG [object Object]
[2023-07-26T03:37:40.504] [INFO] renderer - Run in browser
[2023-07-26T03:37:40.505] [INFO] renderer - APP_CONFIG [object Object]
[2023-07-26T03:37:40.505] [INFO] renderer - Run in browser
[2023-07-26T03:37:40.525] [INFO] renderer - App data loaded
[2023-07-26T03:37:40.527] [INFO] renderer - App data loaded
[2023-07-26T03:37:42.034] [DEBUG] main - onKeyEvent - MOUSE_DOWN Left

[2023-07-26T03:37:42.132] [DEBUG] main - onKeyEvent - MOUSE_UP Left

[2023-07-26T03:37:42.484] [DEBUG] main - onKeyEvent - MOUSE_DOWN Left

[2023-07-26T03:37:42.583] [DEBUG] main - onKeyEvent - MOUSE_UP Left

[2023-07-26T03:37:42.796] [DEBUG] main - onKeyEvent - MOUSE_DOWN Left

[2023-07-26T03:37:42.901] [DEBUG] main - onKeyEvent - MOUSE_UP Left

[2023-07-26T03:37:43.102] [DEBUG] main - onKeyEvent - MOUSE_DOWN Left

[2023-07-26T03:37:43.199] [DEBUG] main - onKeyEvent - MOUSE_UP Left

[2023-07-26T03:37:43.356] [DEBUG] main - onKeyEvent - MOUSE_DOWN Left

[2023-07-26T03:37:43.448] [DEBUG] main - onKeyEvent - MOUSE_UP Left

[2023-07-26T03:37:43.517] [DEBUG] main - onKeyEvent - MOUSE_DOWN Left

[2023-07-26T03:37:43.601] [DEBUG] main - onKeyEvent - MOUSE_UP Left

[2023-07-26T03:37:43.674] [DEBUG] main - onKeyEvent - MOUSE_DOWN Left

[2023-07-26T03:37:43.750] [DEBUG] main - onKeyEvent - MOUSE_UP Left

[2023-07-26T03:37:44.089] [DEBUG] main - onKeyEvent - MOUSE_DOWN Left

[2023-07-26T03:37:44.187] [DEBUG] main - onKeyEvent - MOUSE_UP Left

[2023-07-26T03:37:44.530] [DEBUG] main - onKeyEvent - MOUSE_DOWN Left

[2023-07-26T03:37:44.634] [DEBUG] main - onKeyEvent - MOUSE_UP Left

[2023-07-26T03:37:44.851] [DEBUG] main - onKeyEvent - MOUSE_DOWN Left

[2023-07-26T03:37:45.088] [DEBUG] main - onKeyEvent - MOUSE_UP Left

[2023-07-26T03:37:45.322] [DEBUG] main - onKeyEvent - MOUSE_DOWN Left

[2023-07-26T03:37:45.443] [DEBUG] main - onKeyEvent - MOUSE_UP Left

[2023-07-26T03:37:45.710] [DEBUG] main - onKeyEvent - MOUSE_DOWN Left

[2023-07-26T03:37:45.816] [DEBUG] main - onKeyEvent - MOUSE_UP Left

[2023-07-26T03:37:46.397] [DEBUG] main - onKeyEvent - MOUSE_DOWN Left

[2023-07-26T03:37:47.840] [DEBUG] main - onKeyEvent - MOUSE_UP Left

[2023-07-26T03:37:48.337] [DEBUG] main - onKeyEvent - MOUSE_DOWN Left

[2023-07-26T03:37:48.680] [DEBUG] main - onKeyEvent - MOUSE_UP Left

[2023-07-26T03:37:49.507] [DEBUG] main - onKeyEvent - MOUSE_DOWN Left

[2023-07-26T03:37:49.606] [DEBUG] main - onKeyEvent - MOUSE_UP Left

[2023-07-26T03:37:50.155] [DEBUG] main - onKeyEvent - MOUSE_DOWN Left

[2023-07-26T03:37:50.241] [DEBUG] main - onKeyEvent - MOUSE_UP Left

[2023-07-26T03:37:52.851] [DEBUG] main - onKeyEvent - MOUSE_DOWN Left

[2023-07-26T03:37:52.957] [DEBUG] main - onKeyEvent - MOUSE_UP Left

[2023-07-26T03:37:52.960] [INFO] main - Toggling Global Hotkey Service. Turning it off
[2023-07-26T03:37:52.964] [DEBUG] main - Global hotkey service exited.
[2023-07-26T03:37:52.965] [INFO] renderer - Global hotkey service exited as notified by the main process
[2023-07-26T03:37:54.238] [INFO] main - Toggling Global Hotkey Service. Turning it on
[2023-07-26T03:38:06.771] [INFO] main - Toggling Global Hotkey Service. Turning it off
[2023-07-26T03:56:33.342] [INFO] main - Initializing global hotkey service
[2023-07-26T03:56:34.062] [INFO] renderer - Initializing/Loading app data
[2023-07-26T03:56:34.063] [INFO] main - Retrieving app version, current app version is 3.0.1
[2023-07-26T03:56:34.064] [INFO] renderer - APP_CONFIG [object Object]
[2023-07-26T03:56:34.064] [INFO] renderer - Run in browser
[2023-07-26T03:56:34.065] [INFO] renderer - Initializing/Loading app data
[2023-07-26T03:56:34.066] [INFO] main - Retrieving app version, current app version is 3.0.1
[2023-07-26T03:56:34.067] [INFO] renderer - APP_CONFIG [object Object]
[2023-07-26T03:56:34.068] [INFO] renderer - Run in browser
[2023-07-26T03:56:34.089] [INFO] renderer - App data loaded
[2023-07-26T03:56:34.090] [INFO] renderer - App data loaded
[2023-07-26T03:56:39.311] [DEBUG] main - onKeyEvent - MOUSE_DOWN Left

[2023-07-26T03:56:39.521] [DEBUG] main - onKeyEvent - MOUSE_UP Left

[2023-07-26T03:56:40.902] [DEBUG] main - onKeyEvent - MOUSE_DOWN Left

[2023-07-26T03:56:40.987] [DEBUG] main - onKeyEvent - MOUSE_UP Left

[2023-07-26T03:56:41.827] [DEBUG] main - onKeyEvent - MOUSE_DOWN Left

[2023-07-26T03:56:41.930] [DEBUG] main - onKeyEvent - MOUSE_UP Left

[2023-07-26T03:56:46.408] [DEBUG] main - onKeyEvent - MOUSE_DOWN Left

[2023-07-26T03:56:46.494] [DEBUG] main - onKeyEvent - MOUSE_UP Left

[2023-07-26T03:56:47.568] [DEBUG] main - onKeyEvent - MOUSE_DOWN Left

[2023-07-26T03:56:47.666] [DEBUG] main - onKeyEvent - MOUSE_UP Left

[2023-07-26T03:56:50.147] [DEBUG] main - onKeyEvent - MOUSE_DOWN Left

[2023-07-26T03:56:50.238] [DEBUG] main - onKeyEvent - MOUSE_UP Left

[2023-07-26T03:56:50.445] [DEBUG] main - onKeyEvent - MOUSE_DOWN Left

[2023-07-26T03:56:50.525] [DEBUG] main - onKeyEvent - MOUSE_UP Left

[2023-07-26T03:56:51.444] [DEBUG] main - onKeyEvent - MOUSE_DOWN Left

[2023-07-26T03:56:51.539] [DEBUG] main - onKeyEvent - MOUSE_UP Left

[2023-07-26T03:56:51.647] [DEBUG] main - onKeyEvent - MOUSE_DOWN Left

[2023-07-26T03:56:51.735] [DEBUG] main - onKeyEvent - MOUSE_UP Left

[2023-07-26T03:56:51.983] [DEBUG] main - onKeyEvent - MOUSE_DOWN Left

[2023-07-26T03:56:52.066] [DEBUG] main - onKeyEvent - MOUSE_UP Left

[2023-07-26T03:56:52.564] [DEBUG] main - onKeyEvent - MOUSE_DOWN Left

[2023-07-26T03:56:52.651] [DEBUG] main - onKeyEvent - MOUSE_UP Left

[2023-07-26T03:56:52.893] [DEBUG] main - onKeyEvent - MOUSE_DOWN Left

[2023-07-26T03:56:52.942] [DEBUG] main - onKeyEvent - MOUSE_UP Left

[2023-07-26T03:56:53.978] [DEBUG] main - onKeyEvent - MOUSE_DOWN Left

[2023-07-26T03:56:54.066] [DEBUG] main - onKeyEvent - MOUSE_UP Left

[2023-07-26T03:56:54.240] [DEBUG] main - onKeyEvent - MOUSE_DOWN Left

[2023-07-26T03:56:54.333] [DEBUG] main - onKeyEvent - MOUSE_UP Left

[2023-07-26T03:56:55.080] [DEBUG] main - onKeyEvent - MOUSE_DOWN Left

[2023-07-26T03:56:55.195] [DEBUG] main - onKeyEvent - MOUSE_UP Left

[2023-07-26T03:56:55.469] [DEBUG] main - onKeyEvent - MOUSE_DOWN Left

[2023-07-26T03:56:55.551] [DEBUG] main - onKeyEvent - MOUSE_UP Left

[2023-07-26T03:56:55.968] [DEBUG] main - onKeyEvent - MOUSE_DOWN Left

[2023-07-26T03:56:56.059] [DEBUG] main - onKeyEvent - MOUSE_UP Left

[2023-07-26T03:56:56.515] [DEBUG] main - onKeyEvent - MOUSE_DOWN Left

[2023-07-26T03:56:56.615] [DEBUG] main - onKeyEvent - MOUSE_UP Left

[2023-07-26T03:56:57.110] [DEBUG] main - onKeyEvent - MOUSE_DOWN Left

[2023-07-26T03:56:57.209] [DEBUG] main - onKeyEvent - MOUSE_UP Left

[2023-07-26T03:56:57.608] [DEBUG] main - onKeyEvent - MOUSE_DOWN Left

[2023-07-26T03:56:57.700] [DEBUG] main - onKeyEvent - MOUSE_UP Left

[2023-07-26T03:56:59.314] [DEBUG] main - onKeyEvent - MOUSE_DOWN Left

[2023-07-26T03:56:59.398] [DEBUG] main - onKeyEvent - MOUSE_UP Left

[2023-07-26T03:57:01.669] [DEBUG] main - onKeyEvent - MOUSE_DOWN Left

[2023-07-26T03:57:01.758] [DEBUG] main - onKeyEvent - MOUSE_UP Left

[2023-07-26T03:58:36.914] [INFO] main - Initializing global hotkey service
[2023-07-26T03:58:37.589] [INFO] renderer - Initializing/Loading app data
[2023-07-26T03:58:37.590] [INFO] main - Retrieving app version, current app version is 3.0.1
[2023-07-26T03:58:37.590] [INFO] renderer - Initializing/Loading app data
[2023-07-26T03:58:37.591] [INFO] main - Retrieving app version, current app version is 3.0.1
[2023-07-26T03:58:37.592] [INFO] renderer - APP_CONFIG [object Object]
[2023-07-26T03:58:37.592] [INFO] renderer - Run in browser
[2023-07-26T03:58:37.593] [INFO] renderer - APP_CONFIG [object Object]
[2023-07-26T03:58:37.593] [INFO] renderer - Run in browser
[2023-07-26T03:58:37.612] [INFO] renderer - App data loaded
[2023-07-26T03:58:37.614] [INFO] renderer - App data loaded
[2023-07-26T03:58:40.701] [DEBUG] main - onKeyEvent - MOUSE_DOWN Left

[2023-07-26T03:58:40.789] [DEBUG] main - onKeyEvent - MOUSE_UP Left

[2023-07-26T04:02:40.890] [INFO] main - Initializing global hotkey service
[2023-07-26T04:02:41.577] [INFO] renderer - Initializing/Loading app data
[2023-07-26T04:02:41.577] [INFO] main - Retrieving app version, current app version is 3.0.1
[2023-07-26T04:02:41.577] [INFO] renderer - Initializing/Loading app data
[2023-07-26T04:02:41.578] [INFO] main - Retrieving app version, current app version is 3.0.1
[2023-07-26T04:02:41.579] [INFO] renderer - APP_CONFIG [object Object]
[2023-07-26T04:02:41.579] [INFO] renderer - APP_CONFIG [object Object]
[2023-07-26T04:02:41.580] [INFO] renderer - Run in browser
[2023-07-26T04:02:41.580] [INFO] renderer - Run in browser
[2023-07-26T04:02:41.600] [INFO] renderer - App data loaded
[2023-07-26T04:02:41.602] [INFO] renderer - App data loaded
[2023-07-26T04:02:42.835] [DEBUG] main - onKeyEvent - MOUSE_DOWN Left

[2023-07-26T04:02:43.043] [DEBUG] main - onKeyEvent - MOUSE_UP Left

[2023-07-26T04:02:44.193] [DEBUG] main - onKeyEvent - MOUSE_DOWN Left

[2023-07-26T04:02:44.261] [DEBUG] main - onKeyEvent - MOUSE_UP Left

