[2023-07-20T09:39:55.684] [INFO] main - Initializing global hotkey service
[2023-07-20T09:39:56.925] [INFO] renderer - Initializing/Loading app data
[2023-07-20T09:39:56.925] [INFO] renderer - Initializing/Loading app data
[2023-07-20T09:39:56.933] [INFO] main - Retrieving app version, current app version is 3.0.1
[2023-07-20T09:39:56.933] [INFO] main - Retrieving app version, current app version is 3.0.1
[2023-07-20T09:39:56.935] [INFO] renderer - APP_CONFIG [object Object]
[2023-07-20T09:39:56.936] [INFO] renderer - Run in browser
[2023-07-20T09:39:56.936] [INFO] renderer - APP_CONFIG [object Object]
[2023-07-20T09:39:56.936] [INFO] renderer - Run in browser
[2023-07-20T09:39:57.044] [INFO] renderer - No profile found, creating default profile
[2023-07-20T09:39:57.045] [INFO] renderer - No profile found, creating default profile
[2023-07-20T09:39:57.059] [INFO] renderer - App data loaded
[2023-07-20T09:39:57.062] [INFO] renderer - App data loaded
[2023-07-20T09:40:25.454] [INFO] main - Toggling Global Hotkey Service. Turning it off
[2023-07-20T09:40:25.461] [INFO] renderer - Global hotkey service exited as notified by the main process
[2023-07-20T09:40:27.676] [INFO] main - Toggling Global Hotkey Service. Turning it on
[2023-07-20T09:40:31.491] [INFO] main - Toggling Global Hotkey Service. Turning it off
[2023-07-20T09:40:37.460] [INFO] main - Toggling Global Hotkey Service. Turning it on
[2023-07-20T09:40:47.508] [INFO] main - Toggling Global Hotkey Service. Turning it off
[2023-07-20T09:40:48.273] [INFO] main - Toggling Global Hotkey Service. Turning it on
[2023-07-20T09:40:49.148] [INFO] main - Toggling Global Hotkey Service. Turning it off
[2023-07-20T09:41:22.116] [INFO] main - Listening for valid hotkey once
[2023-07-20T09:41:22.948] [INFO] main - Listening for valid hotkey once
[2023-07-20T09:41:23.398] [INFO] main - Listening for valid hotkey once
[2023-07-20T09:41:24.371] [INFO] main - Hotkey None+W
 is pressed
[2023-07-20T09:41:24.372] [INFO] renderer - Updating hotkey to None+W

[2023-07-20T09:41:24.372] [INFO] renderer - Trying to change hotkey of pie menu 1 (name: Default Pie Menu) to None+W

[2023-07-20T09:41:24.373] [INFO] main - Listening for valid hotkey once
[2023-07-20T09:41:24.379] [INFO] renderer - Hotkey of pie menu 1 (name: Default Pie Menu) changed to None+W

[2023-07-20T09:41:25.432] [INFO] main - Listening for valid hotkey once
[2023-07-20T09:41:26.127] [INFO] main - Hotkey None+Delete
 is pressed
[2023-07-20T09:41:26.128] [INFO] renderer - Updating hotkey to 
[2023-07-20T09:41:26.128] [INFO] renderer - Trying to change hotkey of pie menu 1 (name: Default Pie Menu) to 
[2023-07-20T09:41:26.128] [INFO] main - Listening for valid hotkey once
[2023-07-20T09:41:26.136] [INFO] renderer - Hotkey of pie menu 1 (name: Default Pie Menu) changed to 
[2023-07-20T09:41:47.474] [INFO] main - Retrieving setting runOnAppQuit, value is true
[2023-07-20T09:41:47.474] [INFO] main - Retrieving setting runOnStartup, value is true
[2023-07-20T09:41:47.475] [INFO] main - Retrieving setting pieMenuCancelKey, value is {"_type":"MOUSE_DOWN","_value":"Escape"}
[2023-07-20T09:41:47.477] [INFO] renderer - Retrieved runOnAppQuit from settings: true
[2023-07-20T09:41:47.477] [INFO] renderer - Retrieved runOnStartup from settings: true
[2023-07-20T09:41:47.478] [INFO] renderer - Retrieved pieMenuCancelKey from settings: {"_type":"MOUSE_DOWN","_value":"Escape"}
[2023-07-20T09:41:47.479] [INFO] renderer - The value is: undefined
[2023-07-20T09:42:54.409] [INFO] main - Hotkey None+F16
 is pressed
[2023-07-26T03:09:00.496] [INFO] main - Initializing global hotkey service
[2023-07-26T03:09:01.824] [INFO] renderer - Initializing/Loading app data
[2023-07-26T03:09:01.825] [INFO] renderer - Initializing/Loading app data
[2023-07-26T03:09:01.832] [INFO] main - Retrieving app version, current app version is 3.0.1
[2023-07-26T03:09:01.833] [INFO] main - Retrieving app version, current app version is 3.0.1
[2023-07-26T03:09:01.835] [INFO] renderer - APP_CONFIG [object Object]
[2023-07-26T03:09:01.836] [INFO] renderer - APP_CONFIG [object Object]
[2023-07-26T03:09:01.836] [INFO] renderer - Run in browser
[2023-07-26T03:09:01.836] [INFO] renderer - Run in browser
[2023-07-26T03:09:01.899] [INFO] renderer - App data loaded
[2023-07-26T03:09:01.900] [INFO] renderer - App data loaded
[2023-07-26T03:09:26.484] [INFO] main - Toggling Global Hotkey Service. Turning it off
[2023-07-26T03:09:26.489] [INFO] renderer - Global hotkey service exited as notified by the main process
[2023-07-26T03:35:41.731] [INFO] main - Initializing global hotkey service
[2023-07-26T03:35:42.405] [INFO] renderer - Initializing/Loading app data
[2023-07-26T03:35:42.405] [INFO] main - Retrieving app version, current app version is 3.0.1
[2023-07-26T03:35:42.406] [INFO] renderer - APP_CONFIG [object Object]
[2023-07-26T03:35:42.406] [INFO] renderer - Run in browser
[2023-07-26T03:35:42.409] [INFO] renderer - Initializing/Loading app data
[2023-07-26T03:35:42.409] [INFO] main - Retrieving app version, current app version is 3.0.1
[2023-07-26T03:35:42.411] [INFO] renderer - APP_CONFIG [object Object]
[2023-07-26T03:35:42.411] [INFO] renderer - Run in browser
[2023-07-26T03:36:39.676] [INFO] main - Initializing global hotkey service
[2023-07-26T03:36:40.358] [INFO] renderer - Initializing/Loading app data
[2023-07-26T03:36:40.359] [INFO] renderer - Initializing/Loading app data
[2023-07-26T03:36:40.359] [INFO] main - Retrieving app version, current app version is 3.0.1
[2023-07-26T03:36:40.359] [INFO] main - Retrieving app version, current app version is 3.0.1
[2023-07-26T03:36:40.360] [INFO] renderer - APP_CONFIG [object Object]
[2023-07-26T03:36:40.360] [INFO] renderer - Run in browser
[2023-07-26T03:36:40.361] [INFO] renderer - APP_CONFIG [object Object]
[2023-07-26T03:36:40.361] [INFO] renderer - Run in browser
[2023-07-26T03:37:39.822] [INFO] main - Initializing global hotkey service
[2023-07-26T03:37:40.501] [INFO] renderer - Initializing/Loading app data
[2023-07-26T03:37:40.502] [INFO] renderer - Initializing/Loading app data
[2023-07-26T03:37:40.502] [INFO] main - Retrieving app version, current app version is 3.0.1
[2023-07-26T03:37:40.502] [INFO] main - Retrieving app version, current app version is 3.0.1
[2023-07-26T03:37:40.504] [INFO] renderer - APP_CONFIG [object Object]
[2023-07-26T03:37:40.504] [INFO] renderer - Run in browser
[2023-07-26T03:37:40.505] [INFO] renderer - APP_CONFIG [object Object]
[2023-07-26T03:37:40.505] [INFO] renderer - Run in browser
[2023-07-26T03:37:40.525] [INFO] renderer - App data loaded
[2023-07-26T03:37:40.527] [INFO] renderer - App data loaded
[2023-07-26T03:37:52.960] [INFO] main - Toggling Global Hotkey Service. Turning it off
[2023-07-26T03:37:52.965] [INFO] renderer - Global hotkey service exited as notified by the main process
[2023-07-26T03:37:54.238] [INFO] main - Toggling Global Hotkey Service. Turning it on
[2023-07-26T03:38:06.771] [INFO] main - Toggling Global Hotkey Service. Turning it off
[2023-07-26T03:56:33.342] [INFO] main - Initializing global hotkey service
[2023-07-26T03:56:34.062] [INFO] renderer - Initializing/Loading app data
[2023-07-26T03:56:34.063] [INFO] main - Retrieving app version, current app version is 3.0.1
[2023-07-26T03:56:34.064] [INFO] renderer - APP_CONFIG [object Object]
[2023-07-26T03:56:34.064] [INFO] renderer - Run in browser
[2023-07-26T03:56:34.065] [INFO] renderer - Initializing/Loading app data
[2023-07-26T03:56:34.066] [INFO] main - Retrieving app version, current app version is 3.0.1
[2023-07-26T03:56:34.067] [INFO] renderer - APP_CONFIG [object Object]
[2023-07-26T03:56:34.068] [INFO] renderer - Run in browser
[2023-07-26T03:56:34.089] [INFO] renderer - App data loaded
[2023-07-26T03:56:34.090] [INFO] renderer - App data loaded
[2023-07-26T03:58:36.914] [INFO] main - Initializing global hotkey service
[2023-07-26T03:58:37.589] [INFO] renderer - Initializing/Loading app data
[2023-07-26T03:58:37.590] [INFO] main - Retrieving app version, current app version is 3.0.1
[2023-07-26T03:58:37.590] [INFO] renderer - Initializing/Loading app data
[2023-07-26T03:58:37.591] [INFO] main - Retrieving app version, current app version is 3.0.1
[2023-07-26T03:58:37.592] [INFO] renderer - APP_CONFIG [object Object]
[2023-07-26T03:58:37.592] [INFO] renderer - Run in browser
[2023-07-26T03:58:37.593] [INFO] renderer - APP_CONFIG [object Object]
[2023-07-26T03:58:37.593] [INFO] renderer - Run in browser
[2023-07-26T03:58:37.612] [INFO] renderer - App data loaded
[2023-07-26T03:58:37.614] [INFO] renderer - App data loaded
[2023-07-26T04:02:40.890] [INFO] main - Initializing global hotkey service
[2023-07-26T04:02:41.577] [INFO] renderer - Initializing/Loading app data
[2023-07-26T04:02:41.577] [INFO] main - Retrieving app version, current app version is 3.0.1
[2023-07-26T04:02:41.577] [INFO] renderer - Initializing/Loading app data
[2023-07-26T04:02:41.578] [INFO] main - Retrieving app version, current app version is 3.0.1
[2023-07-26T04:02:41.579] [INFO] renderer - APP_CONFIG [object Object]
[2023-07-26T04:02:41.579] [INFO] renderer - APP_CONFIG [object Object]
[2023-07-26T04:02:41.580] [INFO] renderer - Run in browser
[2023-07-26T04:02:41.580] [INFO] renderer - Run in browser
[2023-07-26T04:02:41.600] [INFO] renderer - App data loaded
[2023-07-26T04:02:41.602] [INFO] renderer - App data loaded
